<?xml version="1.0" encoding="UTF-8"?>
<!-- Generated by org.testng.reporters.JUnitXMLReporter -->
<testsuite ignored="0" hostname="LTIN514053" failures="0" tests="6" name="Default test" time="75.948" errors="0" timestamp="2024-06-13T14:53:44 IST">
  <testcase classname="Miniproject.Mainclass" name="launchingApplication" time="7.808"/>
  <testcase classname="Miniproject.Mainclass" name="maximizeApplication" time="2.911"/>
  <testcase classname="Miniproject.Mainclass" name="searchItem" time="7.241"/>
  <testcase classname="Miniproject.Mainclass" name="validation" time="1.489"/>
  <testcase classname="Miniproject.Mainclass" name="selectDropdown" time="2.713"/>
  <testcase classname="Miniproject.Mainclass" name="writingExcel" time="0.542"/>
</testsuite> <!-- Default test -->
