<?xml version="1.0" encoding="UTF-8"?>
<!-- Generated by org.testng.reporters.JUnitXMLReporter -->
<testsuite ignored="0" hostname="LTIN514053" failures="0" tests="6" name="Test" time="38.726" errors="0" timestamp="2024-05-17T12:16:53 IST">
  <testcase classname="Miniproject.Mainclass" name="launchingApplication" time="4.477"/>
  <testcase classname="Miniproject.Mainclass" name="maximizeApplication" time="2.994"/>
  <testcase classname="Miniproject.Mainclass" name="searchItem" time="5.732"/>
  <testcase classname="Miniproject.Mainclass" name="validation" time="2.159"/>
  <testcase classname="Miniproject.Mainclass" name="selectDropdown" time="2.566"/>
  <testcase classname="Miniproject.Mainclass" name="writingExcel" time="0.443"/>
</testsuite> <!-- Test -->
